c:\users\ioan\documents\visual studio 2013\projects\conway\conway\debug\vc120.pdb
c:\users\ioan\documents\visual studio 2013\projects\conway\conway\debug\vc120.idb
c:\users\ioan\documents\visual studio 2013\projects\conway\conway\debug\main.obj
c:\users\ioan\documents\visual studio 2013\projects\conway\conway\debug\game.obj
c:\users\ioan\documents\visual studio 2013\projects\conway\debug\conway.pdb
c:\users\ioan\documents\visual studio 2013\projects\conway\conway\debug\conway.tlog\cl.command.1.tlog
c:\users\ioan\documents\visual studio 2013\projects\conway\conway\debug\conway.tlog\cl.read.1.tlog
c:\users\ioan\documents\visual studio 2013\projects\conway\conway\debug\conway.tlog\cl.write.1.tlog
c:\users\ioan\documents\visual studio 2013\projects\conway\conway\debug\conway.tlog\link-cvtres.read.1.tlog
c:\users\ioan\documents\visual studio 2013\projects\conway\conway\debug\conway.tlog\link-cvtres.write.1.tlog
c:\users\ioan\documents\visual studio 2013\projects\conway\conway\debug\conway.tlog\link-rc.read.1.tlog
c:\users\ioan\documents\visual studio 2013\projects\conway\conway\debug\conway.tlog\link-rc.write.1.tlog
c:\users\ioan\documents\visual studio 2013\projects\conway\conway\debug\conway.tlog\link.9820-cvtres.read.1.tlog
c:\users\ioan\documents\visual studio 2013\projects\conway\conway\debug\conway.tlog\link.9820-cvtres.write.1.tlog
c:\users\ioan\documents\visual studio 2013\projects\conway\conway\debug\conway.tlog\link.9820-rc.read.1.tlog
c:\users\ioan\documents\visual studio 2013\projects\conway\conway\debug\conway.tlog\link.9820-rc.write.1.tlog
c:\users\ioan\documents\visual studio 2013\projects\conway\conway\debug\conway.tlog\link.9820.read.1.tlog
c:\users\ioan\documents\visual studio 2013\projects\conway\conway\debug\conway.tlog\link.9820.write.1.tlog
c:\users\ioan\documents\visual studio 2013\projects\conway\conway\debug\conway.tlog\link.command.1.tlog
c:\users\ioan\documents\visual studio 2013\projects\conway\conway\debug\conway.tlog\link.read.1.tlog
c:\users\ioan\documents\visual studio 2013\projects\conway\conway\debug\conway.tlog\link.write.1.tlog
